22:25:20 **** Incremental Build of configuration Debug for project 293_Josephus ****
Info: Internal Builder is used for build
g++ -std=c++1z -O0 -g3 -Wall -c -fmessage-length=0 -Wno-attributes -o ring.o ../ring.cpp 
g++ -o 293_Josephus jose.o main.o ring.o 
Info: Nothing to build for 293_Josephus
22:26:33 **** Incremental Build of configuration Debug for project 293_Josephus ****
Info: Internal Builder is used for build
g++ -std=c++1z -O0 -g3 -Wall -c -fmessage-length=0 -Wno-attributes -o ring.o ../ring.cpp 
g++ -o 293_Josephus jose.o main.o ring.o 
22:26:47 **** Incremental Build of configuration Debug for project 293_Josephus ****
Info: Internal Builder is used for build
g++ -std=c++1z -O0 -g3 -Wall -c -fmessage-length=0 -Wno-attributes -o ring.o ../ring.cpp 
g++ -o 293_Josephus jose.o main.o ring.o 
22:28:15 **** Incremental Build of configuration Debug for project 293_Josephus ****
Info: Internal Builder is used for build
g++ -std=c++1z -O0 -g3 -Wall -c -fmessage-length=0 -Wno-attributes -o ring.o ../ring.cpp 
g++ -o 293_Josephus jose.o main.o ring.o 
22:28:44 **** Incremental Build of configuration Debug for project 293_Josephus ****
Info: Internal Builder is used for build
g++ -std=c++1z -O0 -g3 -Wall -c -fmessage-length=0 -Wno-attributes -o jose.o ../jose.cpp 
g++ -o 293_Josephus jose.o main.o ring.o 
22:29:00 **** Incremental Build of configuration Debug for project 293_Josephus ****
Info: Internal Builder is used for build
g++ -std=c++1z -O0 -g3 -Wall -c -fmessage-length=0 -Wno-attributes -o jose.o ../jose.cpp 
g++ -o 293_Josephus jose.o main.o ring.o 
22:29:19 **** Incremental Build of configuration Debug for project 293_Josephus ****
Info: Internal Builder is used for build
g++ -std=c++1z -O0 -g3 -Wall -c -fmessage-length=0 -Wno-attributes -o jose.o ../jose.cpp 
g++ -o 293_Josephus jose.o main.o ring.o 
